  Source.cpp
Source.cpp(37): warning C4244: '=': conversion from 'int' to 'float', possible loss of data
Source.cpp(38): warning C4244: '=': conversion from 'int' to 'float', possible loss of data
Source.cpp(112): warning C4101: 'num': unreferenced local variable
Source.cpp(128): warning C4244: '=': conversion from 'float' to 'int', possible loss of data
Source.cpp(194): warning C4244: 'argument': conversion from 'float' to 'int', possible loss of data
Source.cpp(216): warning C4244: 'argument': conversion from 'time_t' to 'unsigned int', possible loss of data
Source.cpp(268): warning C4244: 'argument': conversion from 'float' to 'int', possible loss of data
Source.cpp(280): warning C4244: 'argument': conversion from 'float' to 'int', possible loss of data
Source.cpp(281): warning C4244: 'argument': conversion from 'float' to 'int', possible loss of data
Source.cpp(293): warning C4244: 'argument': conversion from 'float' to 'int', possible loss of data
Source.cpp(301): warning C4244: 'argument': conversion from 'float' to 'int', possible loss of data
Source.cpp(302): warning C4244: 'argument': conversion from 'float' to 'int', possible loss of data
Source.cpp(303): warning C4244: 'argument': conversion from 'float' to 'int', possible loss of data
Source.cpp(304): warning C4244: 'argument': conversion from 'float' to 'int', possible loss of data
Source.cpp(259): warning C4101: 'selecione': unreferenced local variable
  Generating code
  13 of 230 functions ( 5.7%) were compiled, the rest were copied from previous compilation.
    5 functions were new in current compilation
    5 functions had inline decision re-evaluated but remain unchanged
  Finished generating code
  Svm.vcxproj -> C:\Users\fadell\documents\visual studio 2015\Projects\Svm\x64\Release\Svm.exe
  Svm.vcxproj -> C:\Users\fadell\documents\visual studio 2015\Projects\Svm\x64\Release\Svm.pdb (Full PDB)
