  main.cpp
  MLPedrosa.c
C:\Program Files (x86)\Microsoft Visual Studio 14.0\VC\include\cstdint(18): error C2054: expected '(' to follow 'using'
C:\Program Files (x86)\Microsoft Visual Studio 14.0\VC\include\cstdint(18): error C2061: syntax error: identifier 'using'
C:\Program Files (x86)\Microsoft Visual Studio 14.0\VC\include\cstdint(19): error C2054: expected '(' to follow 'using'
C:\Program Files (x86)\Microsoft Visual Studio 14.0\VC\include\cstdint(19): error C2061: syntax error: identifier 'using'
C:\Program Files (x86)\Microsoft Visual Studio 14.0\VC\include\cstdint(20): error C2054: expected '(' to follow 'using'
C:\Program Files (x86)\Microsoft Visual Studio 14.0\VC\include\cstdint(20): error C2061: syntax error: identifier 'using'
C:\Program Files (x86)\Microsoft Visual Studio 14.0\VC\include\cstdint(21): error C2054: expected '(' to follow 'using'
C:\Program Files (x86)\Microsoft Visual Studio 14.0\VC\include\cstdint(21): error C2061: syntax error: identifier 'using'
C:\Program Files (x86)\Microsoft Visual Studio 14.0\VC\include\cstdint(23): error C2054: expected '(' to follow 'using'
C:\Program Files (x86)\Microsoft Visual Studio 14.0\VC\include\cstdint(23): error C2061: syntax error: identifier 'using'
C:\Program Files (x86)\Microsoft Visual Studio 14.0\VC\include\cstdint(24): error C2054: expected '(' to follow 'using'
C:\Program Files (x86)\Microsoft Visual Studio 14.0\VC\include\cstdint(24): error C2061: syntax error: identifier 'using'
C:\Program Files (x86)\Microsoft Visual Studio 14.0\VC\include\cstdint(25): error C2054: expected '(' to follow 'using'
C:\Program Files (x86)\Microsoft Visual Studio 14.0\VC\include\cstdint(25): error C2061: syntax error: identifier 'using'
C:\Program Files (x86)\Microsoft Visual Studio 14.0\VC\include\cstdint(26): error C2054: expected '(' to follow 'using'
C:\Program Files (x86)\Microsoft Visual Studio 14.0\VC\include\cstdint(26): error C2061: syntax error: identifier 'using'
C:\Program Files (x86)\Microsoft Visual Studio 14.0\VC\include\cstdint(28): error C2054: expected '(' to follow 'using'
C:\Program Files (x86)\Microsoft Visual Studio 14.0\VC\include\cstdint(28): error C2061: syntax error: identifier 'using'
C:\Program Files (x86)\Microsoft Visual Studio 14.0\VC\include\cstdint(29): error C2054: expected '(' to follow 'using'
C:\Program Files (x86)\Microsoft Visual Studio 14.0\VC\include\cstdint(29): error C2061: syntax error: identifier 'using'
C:\Program Files (x86)\Microsoft Visual Studio 14.0\VC\include\cstdint(30): error C2054: expected '(' to follow 'using'
C:\Program Files (x86)\Microsoft Visual Studio 14.0\VC\include\cstdint(30): error C2061: syntax error: identifier 'using'
C:\Program Files (x86)\Microsoft Visual Studio 14.0\VC\include\cstdint(31): error C2054: expected '(' to follow 'using'
C:\Program Files (x86)\Microsoft Visual Studio 14.0\VC\include\cstdint(31): error C2061: syntax error: identifier 'using'
C:\Program Files (x86)\Microsoft Visual Studio 14.0\VC\include\cstdint(33): error C2054: expected '(' to follow 'using'
C:\Program Files (x86)\Microsoft Visual Studio 14.0\VC\include\cstdint(33): error C2061: syntax error: identifier 'using'
C:\Program Files (x86)\Microsoft Visual Studio 14.0\VC\include\cstdint(34): error C2054: expected '(' to follow 'using'
C:\Program Files (x86)\Microsoft Visual Studio 14.0\VC\include\cstdint(34): error C2061: syntax error: identifier 'using'
C:\Program Files (x86)\Microsoft Visual Studio 14.0\VC\include\cstdint(37): error C2061: syntax error: identifier 'tr1'
C:\Program Files (x86)\Microsoft Visual Studio 14.0\VC\include\cstdint(37): error C2059: syntax error: ';'
C:\Program Files (x86)\Microsoft Visual Studio 14.0\VC\include\cstdint(37): error C2449: found '{' at file scope (missing function header?)
C:\Program Files (x86)\Microsoft Visual Studio 14.0\VC\include\cstdint(55): error C2059: syntax error: '}'
C:\Program Files (x86)\Microsoft Visual Studio 14.0\VC\include\cstdlib(18): error C2054: expected '(' to follow 'using'
C:\Program Files (x86)\Microsoft Visual Studio 14.0\VC\include\cstdlib(18): error C2061: syntax error: identifier 'using'
C:\Program Files (x86)\Microsoft Visual Studio 14.0\VC\include\cstdlib(19): error C2061: syntax error: identifier 'abort'
C:\Program Files (x86)\Microsoft Visual Studio 14.0\VC\include\cstdlib(19): error C2059: syntax error: ';'
C:\Program Files (x86)\Microsoft Visual Studio 14.0\VC\include\cstdlib(19): error C2061: syntax error: identifier 'abs'
C:\Program Files (x86)\Microsoft Visual Studio 14.0\VC\include\cstdlib(19): error C2061: syntax error: identifier 'atexit'
C:\Program Files (x86)\Microsoft Visual Studio 14.0\VC\include\cstdlib(20): error C2061: syntax error: identifier 'atof'
C:\Program Files (x86)\Microsoft Visual Studio 14.0\VC\include\cstdlib(20): error C2059: syntax error: ';'
C:\Program Files (x86)\Microsoft Visual Studio 14.0\VC\include\cstdlib(20): error C2061: syntax error: identifier 'atoi'
C:\Program Files (x86)\Microsoft Visual Studio 14.0\VC\include\cstdlib(20): error C2061: syntax error: identifier 'atol'
C:\Program Files (x86)\Microsoft Visual Studio 14.0\VC\include\cstdlib(21): error C2061: syntax error: identifier 'bsearch'
C:\Program Files (x86)\Microsoft Visual Studio 14.0\VC\include\cstdlib(21): error C2059: syntax error: ';'
C:\Program Files (x86)\Microsoft Visual Studio 14.0\VC\include\cstdlib(21): error C2061: syntax error: identifier 'calloc'
C:\Program Files (x86)\Microsoft Visual Studio 14.0\VC\include\cstdlib(21): error C2061: syntax error: identifier 'div'
C:\Program Files (x86)\Microsoft Visual Studio 14.0\VC\include\cstdlib(22): error C2061: syntax error: identifier 'exit'
C:\Program Files (x86)\Microsoft Visual Studio 14.0\VC\include\cstdlib(22): error C2059: syntax error: ';'
C:\Program Files (x86)\Microsoft Visual Studio 14.0\VC\include\cstdlib(22): error C2061: syntax error: identifier 'free'
C:\Program Files (x86)\Microsoft Visual Studio 14.0\VC\include\cstdlib(23): error C2061: syntax error: identifier 'labs'
C:\Program Files (x86)\Microsoft Visual Studio 14.0\VC\include\cstdlib(23): error C2059: syntax error: ';'
C:\Program Files (x86)\Microsoft Visual Studio 14.0\VC\include\cstdlib(23): error C2061: syntax error: identifier 'ldiv'
C:\Program Files (x86)\Microsoft Visual Studio 14.0\VC\include\cstdlib(23): error C2061: syntax error: identifier 'malloc'
C:\Program Files (x86)\Microsoft Visual Studio 14.0\VC\include\cstdlib(24): error C2061: syntax error: identifier 'mblen'
C:\Program Files (x86)\Microsoft Visual Studio 14.0\VC\include\cstdlib(24): error C2059: syntax error: ';'
C:\Program Files (x86)\Microsoft Visual Studio 14.0\VC\include\cstdlib(24): error C2061: syntax error: identifier 'mbstowcs'
C:\Program Files (x86)\Microsoft Visual Studio 14.0\VC\include\cstdlib(24): error C2061: syntax error: identifier 'mbtowc'
C:\Program Files (x86)\Microsoft Visual Studio 14.0\VC\include\cstdlib(25): error C2061: syntax error: identifier 'qsort'
C:\Program Files (x86)\Microsoft Visual Studio 14.0\VC\include\cstdlib(25): error C2059: syntax error: ';'
C:\Program Files (x86)\Microsoft Visual Studio 14.0\VC\include\cstdlib(25): error C2061: syntax error: identifier 'rand'
C:\Program Files (x86)\Microsoft Visual Studio 14.0\VC\include\cstdlib(25): error C2061: syntax error: identifier 'realloc'
C:\Program Files (x86)\Microsoft Visual Studio 14.0\VC\include\cstdlib(26): error C2061: syntax error: identifier 'srand'
C:\Program Files (x86)\Microsoft Visual Studio 14.0\VC\include\cstdlib(26): error C2059: syntax error: ';'
C:\Program Files (x86)\Microsoft Visual Studio 14.0\VC\include\cstdlib(26): error C2061: syntax error: identifier 'strtod'
C:\Program Files (x86)\Microsoft Visual Studio 14.0\VC\include\cstdlib(26): error C2061: syntax error: identifier 'strtol'
C:\Program Files (x86)\Microsoft Visual Studio 14.0\VC\include\cstdlib(27): error C2061: syntax error: identifier 'strtoul'
C:\Program Files (x86)\Microsoft Visual Studio 14.0\VC\include\cstdlib(27): error C2059: syntax error: ';'
C:\Program Files (x86)\Microsoft Visual Studio 14.0\VC\include\cstdlib(28): error C2061: syntax error: identifier 'wcstombs'
C:\Program Files (x86)\Microsoft Visual Studio 14.0\VC\include\cstdlib(28): error C2059: syntax error: ';'
C:\Program Files (x86)\Microsoft Visual Studio 14.0\VC\include\cstdlib(28): error C2061: syntax error: identifier 'wctomb'
C:\Program Files (x86)\Microsoft Visual Studio 14.0\VC\include\cstdlib(30): error C2054: expected '(' to follow 'using'
C:\Program Files (x86)\Microsoft Visual Studio 14.0\VC\include\cstdlib(33): error C2061: syntax error: identifier 'using'
C:\Program Files (x86)\Microsoft Visual Studio 14.0\VC\include\cstdlib(34): error C2061: syntax error: identifier 'system'
C:\Program Files (x86)\Microsoft Visual Studio 14.0\VC\include\cstdlib(34): error C2059: syntax error: ';'
C:\Program Files (x86)\Microsoft Visual Studio 14.0\VC\include\cstdlib(37): error C2061: syntax error: identifier 'atoll'
C:\Program Files (x86)\Microsoft Visual Studio 14.0\VC\include\cstdlib(37): error C2059: syntax error: ';'
C:\Program Files (x86)\Microsoft Visual Studio 14.0\VC\include\cstdlib(37): error C2061: syntax error: identifier 'llabs'
C:\Program Files (x86)\Microsoft Visual Studio 14.0\VC\include\cstdlib(37): error C2061: syntax error: identifier 'lldiv'
C:\Program Files (x86)\Microsoft Visual Studio 14.0\VC\include\cstdlib(38): error C2061: syntax error: identifier 'strtof'
C:\Program Files (x86)\Microsoft Visual Studio 14.0\VC\include\cstdlib(38): error C2059: syntax error: ';'
C:\Program Files (x86)\Microsoft Visual Studio 14.0\VC\include\cstdlib(38): error C2061: syntax error: identifier 'strtold'
C:\Program Files (x86)\Microsoft Visual Studio 14.0\VC\include\cstdlib(39): error C2061: syntax error: identifier 'strtoll'
C:\Program Files (x86)\Microsoft Visual Studio 14.0\VC\include\cstdlib(39): error C2059: syntax error: ';'
C:\Program Files (x86)\Microsoft Visual Studio 14.0\VC\include\cstdlib(39): error C2061: syntax error: identifier 'strtoull'
C:\Program Files (x86)\Microsoft Visual Studio 14.0\VC\include\cstdlib(41): error C2061: syntax error: identifier '_Exit'
C:\Program Files (x86)\Microsoft Visual Studio 14.0\VC\include\cstdlib(41): error C2059: syntax error: ';'
C:\Program Files (x86)\Microsoft Visual Studio 14.0\VC\include\cstdlib(41): error C2061: syntax error: identifier 'at_quick_exit'
C:\Program Files (x86)\Microsoft Visual Studio 14.0\VC\include\cstdlib(41): error C2061: syntax error: identifier 'quick_exit'
C:\Program Files (x86)\Microsoft Visual Studio 14.0\VC\include\cmath(17): error C2061: syntax error: identifier 'noexcept'
C:\Program Files (x86)\Microsoft Visual Studio 14.0\VC\include\cmath(17): error C2059: syntax error: ';'
C:\Program Files (x86)\Microsoft Visual Studio 14.0\VC\include\cmath(18): error C2449: found '{' at file scope (missing function header?)
C:\Program Files (x86)\Microsoft Visual Studio 14.0\VC\include\cmath(20): error C2059: syntax error: '}'
C:\Program Files (x86)\Microsoft Visual Studio 14.0\VC\include\cmath(30): error C2061: syntax error: identifier 'noexcept'
C:\Program Files (x86)\Microsoft Visual Studio 14.0\VC\include\cmath(30): error C2059: syntax error: ';'
C:\Program Files (x86)\Microsoft Visual Studio 14.0\VC\include\cmath(31): error C2449: found '{' at file scope (missing function header?)
C:\Program Files (x86)\Microsoft Visual Studio 14.0\VC\include\cmath(33): error C2059: syntax error: '}'
C:\Program Files (x86)\Microsoft Visual Studio 14.0\VC\include\cmath(40): error C2061: syntax error: identifier 'noexcept'
C:\Program Files (x86)\Microsoft Visual Studio 14.0\VC\include\cmath(40): error C2059: syntax error: ';'
C:\Program Files (x86)\Microsoft Visual Studio 14.0\VC\include\cmath(41): error C2449: found '{' at file scope (missing function header?)
C:\Program Files (x86)\Microsoft Visual Studio 14.0\VC\include\cmath(43): error C2059: syntax error: '}'
C:\Program Files (x86)\Microsoft Visual Studio 14.0\VC\include\cmath(50): error C2061: syntax error: identifier 'noexcept'
C:\Program Files (x86)\Microsoft Visual Studio 14.0\VC\include\cmath(50): fatal error C1003: error count exceeds 100; stopping compilation
